0 info it worked if it ends with ok
1 verbose cli [ 'node', '/usr/local/bin/npm', 'update' ]
2 info using npm@1.3.8
3 info using node@v0.10.17
4 verbose cache add [ 'express', '3.3.8' ]
5 verbose cache add name="express" spec="3.3.8" args=["express","3.3.8"]
6 verbose parsed url { protocol: null,
6 verbose parsed url   slashes: null,
6 verbose parsed url   auth: null,
6 verbose parsed url   host: null,
6 verbose parsed url   port: null,
6 verbose parsed url   hostname: null,
6 verbose parsed url   hash: null,
6 verbose parsed url   search: null,
6 verbose parsed url   query: null,
6 verbose parsed url   pathname: '3.3.8',
6 verbose parsed url   path: '3.3.8',
6 verbose parsed url   href: '3.3.8' }
7 verbose addNamed [ 'express', '3.3.8' ]
8 verbose addNamed [ '3.3.8', '3.3.8' ]
9 verbose cache add [ 'jade', '*' ]
10 verbose cache add name="jade" spec="*" args=["jade","*"]
11 verbose parsed url { protocol: null,
11 verbose parsed url   slashes: null,
11 verbose parsed url   auth: null,
11 verbose parsed url   host: null,
11 verbose parsed url   port: null,
11 verbose parsed url   hostname: null,
11 verbose parsed url   hash: null,
11 verbose parsed url   search: null,
11 verbose parsed url   query: null,
11 verbose parsed url   pathname: '*',
11 verbose parsed url   path: '*',
11 verbose parsed url   href: '*' }
12 verbose addNamed [ 'jade', '*' ]
13 verbose addNamed [ null, '*' ]
14 verbose cache add [ 'stylus', '*' ]
15 verbose cache add name="stylus" spec="*" args=["stylus","*"]
16 verbose parsed url { protocol: null,
16 verbose parsed url   slashes: null,
16 verbose parsed url   auth: null,
16 verbose parsed url   host: null,
16 verbose parsed url   port: null,
16 verbose parsed url   hostname: null,
16 verbose parsed url   hash: null,
16 verbose parsed url   search: null,
16 verbose parsed url   query: null,
16 verbose parsed url   pathname: '*',
16 verbose parsed url   path: '*',
16 verbose parsed url   href: '*' }
17 verbose addNamed [ 'stylus', '*' ]
18 verbose addNamed [ null, '*' ]
19 verbose cache add [ 'mongoose', '*' ]
20 verbose cache add name="mongoose" spec="*" args=["mongoose","*"]
21 verbose parsed url { protocol: null,
21 verbose parsed url   slashes: null,
21 verbose parsed url   auth: null,
21 verbose parsed url   host: null,
21 verbose parsed url   port: null,
21 verbose parsed url   hostname: null,
21 verbose parsed url   hash: null,
21 verbose parsed url   search: null,
21 verbose parsed url   query: null,
21 verbose parsed url   pathname: '*',
21 verbose parsed url   path: '*',
21 verbose parsed url   href: '*' }
22 verbose addNamed [ 'mongoose', '*' ]
23 verbose addNamed [ null, '*' ]
24 verbose cache add [ 'mongodb', '*' ]
25 verbose cache add name="mongodb" spec="*" args=["mongodb","*"]
26 verbose parsed url { protocol: null,
26 verbose parsed url   slashes: null,
26 verbose parsed url   auth: null,
26 verbose parsed url   host: null,
26 verbose parsed url   port: null,
26 verbose parsed url   hostname: null,
26 verbose parsed url   hash: null,
26 verbose parsed url   search: null,
26 verbose parsed url   query: null,
26 verbose parsed url   pathname: '*',
26 verbose parsed url   path: '*',
26 verbose parsed url   href: '*' }
27 verbose addNamed [ 'mongodb', '*' ]
28 verbose addNamed [ null, '*' ]
29 verbose cache add [ 'socket.io', '*' ]
30 verbose cache add name="socket.io" spec="*" args=["socket.io","*"]
31 verbose parsed url { protocol: null,
31 verbose parsed url   slashes: null,
31 verbose parsed url   auth: null,
31 verbose parsed url   host: null,
31 verbose parsed url   port: null,
31 verbose parsed url   hostname: null,
31 verbose parsed url   hash: null,
31 verbose parsed url   search: null,
31 verbose parsed url   query: null,
31 verbose parsed url   pathname: '*',
31 verbose parsed url   path: '*',
31 verbose parsed url   href: '*' }
32 verbose addNamed [ 'socket.io', '*' ]
33 verbose addNamed [ null, '*' ]
34 silly lockFile a43a70ac-express-3-3-8 express@3.3.8
35 verbose lock express@3.3.8 /Users/Ryan/.npm/a43a70ac-express-3-3-8.lock
36 silly lockFile ad03ed78-jade jade@*
37 verbose lock jade@* /Users/Ryan/.npm/ad03ed78-jade.lock
38 silly lockFile 7849533d-stylus stylus@*
39 verbose lock stylus@* /Users/Ryan/.npm/7849533d-stylus.lock
40 silly lockFile e0858070-mongoose mongoose@*
41 verbose lock mongoose@* /Users/Ryan/.npm/e0858070-mongoose.lock
42 silly lockFile 842f93d5-mongodb mongodb@*
43 verbose lock mongodb@* /Users/Ryan/.npm/842f93d5-mongodb.lock
44 silly lockFile 141fbf03-socket-io socket.io@*
45 verbose lock socket.io@* /Users/Ryan/.npm/141fbf03-socket-io.lock
46 silly addNameRange { name: 'jade', range: '*', hasData: false }
47 silly addNameRange { name: 'stylus', range: '*', hasData: false }
48 silly addNameRange { name: 'mongoose', range: '*', hasData: false }
49 silly addNameRange { name: 'mongodb', range: '*', hasData: false }
50 silly addNameRange { name: 'socket.io', range: '*', hasData: false }
51 verbose url raw express/3.3.8
52 verbose url resolving [ 'https://registry.npmjs.org/', './express/3.3.8' ]
53 verbose url resolved https://registry.npmjs.org/express/3.3.8
54 info trying registry request attempt 1 at 21:01:43
55 verbose etag "59DAOWCQ6XM48CD5UP7EI8ZME"
56 http GET https://registry.npmjs.org/express/3.3.8
57 verbose url raw stylus
58 verbose url resolving [ 'https://registry.npmjs.org/', './stylus' ]
59 verbose url resolved https://registry.npmjs.org/stylus
60 info trying registry request attempt 1 at 21:01:43
61 verbose etag "EV6OVRHXLVG7RA8ODL4I17X8W"
62 http GET https://registry.npmjs.org/stylus
63 verbose url raw jade
64 verbose url resolving [ 'https://registry.npmjs.org/', './jade' ]
65 verbose url resolved https://registry.npmjs.org/jade
66 info trying registry request attempt 1 at 21:01:43
67 verbose etag "F4GBFQ5TIM483SKCQPGCJBR9C"
68 http GET https://registry.npmjs.org/jade
69 verbose url raw mongoose
70 verbose url resolving [ 'https://registry.npmjs.org/', './mongoose' ]
71 verbose url resolved https://registry.npmjs.org/mongoose
72 info trying registry request attempt 1 at 21:01:43
73 verbose etag "F2J8LS7YGIOV6HUWZAAZUKODB"
74 http GET https://registry.npmjs.org/mongoose
75 verbose url raw socket.io
76 verbose url resolving [ 'https://registry.npmjs.org/', './socket.io' ]
77 verbose url resolved https://registry.npmjs.org/socket.io
78 info trying registry request attempt 1 at 21:01:43
79 verbose etag "3378V8BWRBQ8OM17YSLTFNABW"
80 http GET https://registry.npmjs.org/socket.io
81 verbose url raw mongodb
82 verbose url resolving [ 'https://registry.npmjs.org/', './mongodb' ]
83 verbose url resolved https://registry.npmjs.org/mongodb
84 info trying registry request attempt 1 at 21:01:44
85 verbose etag "36DVAVI9I88LNQKL7TASK56Y6"
86 http GET https://registry.npmjs.org/mongodb
87 http 304 https://registry.npmjs.org/jade
88 silly registry.get cb [ 304,
88 silly registry.get   { server: 'CouchDB/1.3.1 (Erlang OTP/R15B03)',
88 silly registry.get     etag: '"F4GBFQ5TIM483SKCQPGCJBR9C"',
88 silly registry.get     date: 'Wed, 20 Nov 2013 02:01:42 GMT',
88 silly registry.get     'content-length': '0' } ]
89 verbose etag jade from cache
90 silly addNameRange number 2 { name: 'jade', range: '*', hasData: true }
91 silly addNameRange versions [ 'jade',
91 silly addNameRange   [ '0.0.1',
91 silly addNameRange     '0.0.2',
91 silly addNameRange     '0.1.0',
91 silly addNameRange     '0.2.0',
91 silly addNameRange     '0.2.1',
91 silly addNameRange     '0.2.2',
91 silly addNameRange     '0.2.3',
91 silly addNameRange     '0.2.4',
91 silly addNameRange     '0.3.0',
91 silly addNameRange     '0.4.0',
91 silly addNameRange     '0.4.1',
91 silly addNameRange     '0.5.0',
91 silly addNameRange     '0.5.1',
91 silly addNameRange     '0.5.2',
91 silly addNameRange     '0.5.3',
91 silly addNameRange     '0.5.4',
91 silly addNameRange     '0.5.5',
91 silly addNameRange     '0.5.6',
91 silly addNameRange     '0.5.7',
91 silly addNameRange     '0.6.0',
91 silly addNameRange     '0.6.1',
91 silly addNameRange     '0.6.3',
91 silly addNameRange     '0.7.0',
91 silly addNameRange     '0.7.1',
91 silly addNameRange     '0.8.0',
91 silly addNameRange     '0.8.1',
91 silly addNameRange     '0.8.2',
91 silly addNameRange     '0.8.3',
91 silly addNameRange     '0.8.4',
91 silly addNameRange     '0.8.5',
91 silly addNameRange     '0.8.6',
91 silly addNameRange     '0.8.7',
91 silly addNameRange     '0.8.8',
91 silly addNameRange     '0.8.9',
91 silly addNameRange     '0.9.0',
91 silly addNameRange     '0.9.1',
91 silly addNameRange     '0.9.2',
91 silly addNameRange     '0.9.3',
91 silly addNameRange     '0.10.0',
91 silly addNameRange     '0.10.1',
91 silly addNameRange     '0.10.2',
91 silly addNameRange     '0.10.3',
91 silly addNameRange     '0.10.4',
91 silly addNameRange     '0.10.5',
91 silly addNameRange     '0.10.6',
91 silly addNameRange     '0.10.7',
91 silly addNameRange     '0.11.0',
91 silly addNameRange     '0.11.1',
91 silly addNameRange     '0.12.0',
91 silly addNameRange     '0.12.1',
91 silly addNameRange     '0.12.2',
91 silly addNameRange     '0.12.3',
91 silly addNameRange     '0.12.4',
91 silly addNameRange     '0.13.0',
91 silly addNameRange     '0.14.0',
91 silly addNameRange     '0.14.1',
91 silly addNameRange     '0.14.2',
91 silly addNameRange     '0.15.0',
91 silly addNameRange     '0.15.1',
91 silly addNameRange     '0.15.2',
91 silly addNameRange     '0.15.3',
91 silly addNameRange     '0.15.4',
91 silly addNameRange     '0.16.0',
91 silly addNameRange     '0.16.1',
91 silly addNameRange     '0.16.2',
91 silly addNameRange     '0.16.3',
91 silly addNameRange     '0.16.4',
91 silly addNameRange     '0.17.0',
91 silly addNameRange     '0.18.0',
91 silly addNameRange     '0.19.0',
91 silly addNameRange     '0.20.0',
91 silly addNameRange     '0.20.1',
91 silly addNameRange     '0.20.2',
91 silly addNameRange     '0.20.3',
91 silly addNameRange     '0.21.0',
91 silly addNameRange     '0.22.0',
91 silly addNameRange     '0.22.1',
91 silly addNameRange     '0.23.0',
91 silly addNameRange     '0.24.0',
91 silly addNameRange     '0.25.0',
91 silly addNameRange     '0.26.0',
91 silly addNameRange     '0.26.1',
91 silly addNameRange     '0.26.2',
91 silly addNameRange     '0.26.3',
91 silly addNameRange     '0.27.0',
91 silly addNameRange     '0.27.1',
91 silly addNameRange     '0.27.2',
91 silly addNameRange     '0.27.3',
91 silly addNameRange     '0.27.4',
91 silly addNameRange     '0.27.5',
91 silly addNameRange     '0.27.6',
91 silly addNameRange     '0.27.7',
91 silly addNameRange     '0.28.0',
91 silly addNameRange     '0.28.1',
91 silly addNameRange     '0.28.2',
91 silly addNameRange     '0.29.0',
91 silly addNameRange     '0.30.0',
91 silly addNameRange     '0.31.0',
91 silly addNameRange     '0.31.1',
91 silly addNameRange     '0.31.2',
91 silly addNameRange     '0.32.0',
91 silly addNameRange     '0.33.0',
91 silly addNameRange     '0.34.0',
91 silly addNameRange     '0.34.1',
91 silly addNameRange     '0.35.0' ] ]
92 verbose addNamed [ 'jade', '0.35.0' ]
93 verbose addNamed [ '0.35.0', '0.35.0' ]
94 silly lockFile 606948c4-jade-0-35-0 jade@0.35.0
95 verbose lock jade@0.35.0 /Users/Ryan/.npm/606948c4-jade-0-35-0.lock
96 silly lockFile 606948c4-jade-0-35-0 jade@0.35.0
97 silly lockFile 606948c4-jade-0-35-0 jade@0.35.0
98 silly lockFile ad03ed78-jade jade@*
99 silly lockFile ad03ed78-jade jade@*
100 http 304 https://registry.npmjs.org/mongoose
101 silly registry.get cb [ 304,
101 silly registry.get   { server: 'CouchDB/1.3.1 (Erlang OTP/R15B03)',
101 silly registry.get     etag: '"F2J8LS7YGIOV6HUWZAAZUKODB"',
101 silly registry.get     date: 'Wed, 20 Nov 2013 02:01:42 GMT',
101 silly registry.get     'content-length': '0' } ]
102 verbose etag mongoose from cache
103 http 304 https://registry.npmjs.org/stylus
104 silly registry.get cb [ 304,
104 silly registry.get   { server: 'CouchDB/1.3.1 (Erlang OTP/R15B03)',
104 silly registry.get     etag: '"EV6OVRHXLVG7RA8ODL4I17X8W"',
104 silly registry.get     date: 'Wed, 20 Nov 2013 02:01:42 GMT',
104 silly registry.get     'content-length': '0' } ]
105 verbose etag stylus from cache
106 http 304 https://registry.npmjs.org/express/3.3.8
107 silly registry.get cb [ 304,
107 silly registry.get   { server: 'CouchDB/1.3.1 (Erlang OTP/R15B03)',
107 silly registry.get     etag: '"59DAOWCQ6XM48CD5UP7EI8ZME"',
107 silly registry.get     date: 'Wed, 20 Nov 2013 02:01:42 GMT',
107 silly registry.get     'content-length': '0' } ]
108 verbose etag express/3.3.8 from cache
109 http 304 https://registry.npmjs.org/socket.io
110 silly registry.get cb [ 304,
110 silly registry.get   { server: 'CouchDB/1.3.1 (Erlang OTP/R15B03)',
110 silly registry.get     etag: '"3378V8BWRBQ8OM17YSLTFNABW"',
110 silly registry.get     date: 'Wed, 20 Nov 2013 02:01:42 GMT',
110 silly registry.get     'content-length': '0' } ]
111 verbose etag socket.io from cache
112 http 304 https://registry.npmjs.org/mongodb
113 silly registry.get cb [ 304,
113 silly registry.get   { server: 'CouchDB/1.3.1 (Erlang OTP/R15B03)',
113 silly registry.get     etag: '"36DVAVI9I88LNQKL7TASK56Y6"',
113 silly registry.get     date: 'Wed, 20 Nov 2013 02:01:42 GMT',
113 silly registry.get     'content-length': '0' } ]
114 verbose etag mongodb from cache
115 silly addNameRange number 2 { name: 'mongoose', range: '*', hasData: true }
116 silly addNameRange versions [ 'mongoose',
116 silly addNameRange   [ '0.0.1',
116 silly addNameRange     '0.0.2',
116 silly addNameRange     '0.0.3',
116 silly addNameRange     '0.0.4',
116 silly addNameRange     '0.0.5',
116 silly addNameRange     '1.0.0',
116 silly addNameRange     '1.0.1',
116 silly addNameRange     '1.0.2',
116 silly addNameRange     '0.0.6',
116 silly addNameRange     '1.0.3',
116 silly addNameRange     '1.0.4',
116 silly addNameRange     '1.0.5',
116 silly addNameRange     '1.0.6',
116 silly addNameRange     '1.0.7',
116 silly addNameRange     '1.0.8',
116 silly addNameRange     '1.0.10',
116 silly addNameRange     '1.0.11',
116 silly addNameRange     '1.0.12',
116 silly addNameRange     '1.0.13',
116 silly addNameRange     '1.0.14',
116 silly addNameRange     '1.0.15',
116 silly addNameRange     '1.0.16',
116 silly addNameRange     '1.1.0',
116 silly addNameRange     '1.1.1',
116 silly addNameRange     '1.1.2',
116 silly addNameRange     '1.1.3',
116 silly addNameRange     '1.1.4',
116 silly addNameRange     '1.1.5',
116 silly addNameRange     '1.1.6',
116 silly addNameRange     '1.1.7',
116 silly addNameRange     '1.1.8',
116 silly addNameRange     '1.1.9',
116 silly addNameRange     '1.1.10',
116 silly addNameRange     '1.1.11',
116 silly addNameRange     '1.1.12',
116 silly addNameRange     '1.1.13',
116 silly addNameRange     '1.1.14',
116 silly addNameRange     '1.1.15',
116 silly addNameRange     '1.1.16',
116 silly addNameRange     '1.1.17',
116 silly addNameRange     '1.1.18',
116 silly addNameRange     '1.1.19',
116 silly addNameRange     '1.1.20',
116 silly addNameRange     '1.1.21',
116 silly addNameRange     '1.1.22',
116 silly addNameRange     '1.1.23',
116 silly addNameRange     '1.1.24',
116 silly addNameRange     '1.1.25',
116 silly addNameRange     '1.2.0',
116 silly addNameRange     '1.3.0',
116 silly addNameRange     '1.3.1',
116 silly addNameRange     '1.3.2',
116 silly addNameRange     '1.3.3',
116 silly addNameRange     '1.3.4',
116 silly addNameRange     '1.3.5',
116 silly addNameRange     '1.3.6',
116 silly addNameRange     '1.3.7',
116 silly addNameRange     '1.4.0',
116 silly addNameRange     '1.5.0',
116 silly addNameRange     '1.6.0',
116 silly addNameRange     '1.7.2',
116 silly addNameRange     '1.7.3',
116 silly addNameRange     '1.7.4',
116 silly addNameRange     '1.8.0',
116 silly addNameRange     '1.8.1',
116 silly addNameRange     '1.8.2',
116 silly addNameRange     '1.8.3',
116 silly addNameRange     '1.8.4',
116 silly addNameRange     '2.0.0',
116 silly addNameRange     '2.0.1',
116 silly addNameRange     '2.0.2',
116 silly addNameRange     '2.0.3',
116 silly addNameRange     '2.0.4',
116 silly addNameRange     '2.1.0',
116 silly addNameRange     '2.1.1',
116 silly addNameRange     '2.1.2',
116 silly addNameRange     '2.1.3',
116 silly addNameRange     '2.1.4',
116 silly addNameRange     '2.2.0',
116 silly addNameRange     '2.2.1',
116 silly addNameRange     '2.2.2',
116 silly addNameRange     '2.2.3',
116 silly addNameRange     '2.2.4',
116 silly addNameRange     '2.3.0',
116 silly addNameRange     '2.3.1',
116 silly addNameRange     '2.3.2',
116 silly addNameRange     '2.3.3',
116 silly addNameRange     '2.3.4',
116 silly addNameRange     '2.3.5',
116 silly addNameRange     '2.3.6',
116 silly addNameRange     '2.3.7',
116 silly addNameRange     '2.3.8',
116 silly addNameRange     '2.3.9',
116 silly addNameRange     '2.3.10',
116 silly addNameRange     '2.3.11',
116 silly addNameRange     '2.3.12',
116 silly addNameRange     '2.3.13',
116 silly addNameRange     '2.4.0',
116 silly addNameRange     '2.4.1',
116 silly addNameRange     '2.4.2',
116 silly addNameRange     '2.4.3',
116 silly addNameRange     '2.4.4',
116 silly addNameRange     '2.4.5',
116 silly addNameRange     '2.4.6',
116 silly addNameRange     '2.4.7',
116 silly addNameRange     '2.4.8',
116 silly addNameRange     '2.4.9',
116 silly addNameRange     '2.4.10',
116 silly addNameRange     '2.5.0',
116 silly addNameRange     '2.5.1',
116 silly addNameRange     '2.5.2',
116 silly addNameRange     '2.5.3',
116 silly addNameRange     '2.5.4',
116 silly addNameRange     '2.5.5',
116 silly addNameRange     '2.5.6',
116 silly addNameRange     '2.5.7',
116 silly addNameRange     '2.5.8',
116 silly addNameRange     '2.5.9',
116 silly addNameRange     '2.5.10',
116 silly addNameRange     '2.5.11',
116 silly addNameRange     '2.5.12',
116 silly addNameRange     '2.5.13',
116 silly addNameRange     '2.5.14',
116 silly addNameRange     '2.6.0',
116 silly addNameRange     '2.6.1',
116 silly addNameRange     '2.6.2',
116 silly addNameRange     '2.6.3',
116 silly addNameRange     '2.6.4',
116 silly addNameRange     '2.6.5',
116 silly addNameRange     '2.6.6',
116 silly addNameRange     '2.6.7',
116 silly addNameRange     '2.6.8',
116 silly addNameRange     '2.7.0',
116 silly addNameRange     '2.7.1',
116 silly addNameRange     '2.7.2',
116 silly addNameRange     '2.7.4',
116 silly addNameRange     '2.7.3',
116 silly addNameRange     '3.0.0',
116 silly addNameRange     '3.0.1',
116 silly addNameRange     '3.0.2',
116 silly addNameRange     '2.8.0',
116 silly addNameRange     '3.0.3',
116 silly addNameRange     '3.1.0',
116 silly addNameRange     '2.8.1',
116 silly addNameRange     '3.1.2-pre',
116 silly addNameRange     '3.1.1',
116 silly addNameRange     '2.8.2',
116 silly addNameRange     '2.8.3',
116 silly addNameRange     '3.1.2',
116 silly addNameRange     '2.9.0',
116 silly addNameRange     '3.2.0',
116 silly addNameRange     '2.9.1',
116 silly addNameRange     '3.2.1',
116 silly addNameRange     '2.9.2',
116 silly addNameRange     '3.2.2',
116 silly addNameRange     '3.3.0',
116 silly addNameRange     '3.3.1',
116 silly addNameRange     '2.9.3',
116 silly addNameRange     '3.4.0',
116 silly addNameRange     '2.9.4',
116 silly addNameRange     '2.9.5',
116 silly addNameRange     '3.5.0',
116 silly addNameRange     '3.5.1',
116 silly addNameRange     '3.5.2',
116 silly addNameRange     '3.5.3',
116 silly addNameRange     '2.9.6',
116 silly addNameRange     '2.9.7',
116 silly addNameRange     '3.5.4',
116 silly addNameRange     '3.5.5',
116 silly addNameRange     '2.9.8',
116 silly addNameRange     '2.9.9',
116 silly addNameRange     '3.5.6',
116 silly addNameRange     '3.5.7',
116 silly addNameRange     '3.5.8',
116 silly addNameRange     '2.9.10',
116 silly addNameRange     '3.5.9',
116 silly addNameRange     '3.6.2',
116 silly addNameRange     '3.5.10',
116 silly addNameRange     '3.6.3',
116 silly addNameRange     '3.5.11',
116 silly addNameRange     '3.6.4',
116 silly addNameRange     '3.6.5',
116 silly addNameRange     '3.6.6',
116 silly addNameRange     '3.6.7',
116 silly addNameRange     '3.5.12',
116 silly addNameRange     '3.6.8',
116 silly addNameRange     '3.6.9',
116 silly addNameRange     '3.6.10',
116 silly addNameRange     '3.5.13',
116 silly addNameRange     '3.5.14',
116 silly addNameRange     '3.6.11',
116 silly addNameRange     '3.6.12',
116 silly addNameRange     '3.6.13',
116 silly addNameRange     '3.6.14',
116 silly addNameRange     '3.6.15',
116 silly addNameRange     '3.5.15',
116 silly addNameRange     '3.7.0',
116 silly addNameRange     '3.6.16',
116 silly addNameRange     '3.5.16',
116 silly addNameRange     '3.6.17',
116 silly addNameRange     '3.7.2',
116 silly addNameRange     '3.0.0-alpha1',
116 silly addNameRange     '3.0.0-alpha2',
116 silly addNameRange     '3.0.0-rc0',
116 silly addNameRange     '3.6.0-rc0',
116 silly addNameRange     '3.6.0-rc1',
116 silly addNameRange     '3.6.18',
116 silly addNameRange     '3.7.3',
116 silly addNameRange     '3.6.19',
116 silly addNameRange     '3.6.20',
116 silly addNameRange     '3.7.4',
116 silly addNameRange     '3.8.0' ] ]
117 verbose addNamed [ 'mongoose', '3.8.0' ]
118 verbose addNamed [ '3.8.0', '3.8.0' ]
119 silly lockFile 51b2ec73-mongoose-3-8-0 mongoose@3.8.0
120 verbose lock mongoose@3.8.0 /Users/Ryan/.npm/51b2ec73-mongoose-3-8-0.lock
121 silly addNameRange number 2 { name: 'stylus', range: '*', hasData: true }
122 silly addNameRange versions [ 'stylus',
122 silly addNameRange   [ '0.0.1',
122 silly addNameRange     '0.0.2',
122 silly addNameRange     '0.1.0',
122 silly addNameRange     '0.2.0',
122 silly addNameRange     '0.2.1',
122 silly addNameRange     '0.3.0',
122 silly addNameRange     '0.3.1',
122 silly addNameRange     '0.4.0',
122 silly addNameRange     '0.4.1',
122 silly addNameRange     '0.5.0',
122 silly addNameRange     '0.5.1',
122 silly addNameRange     '0.5.2',
122 silly addNameRange     '0.5.3',
122 silly addNameRange     '0.6.0',
122 silly addNameRange     '0.6.2',
122 silly addNameRange     '0.6.3',
122 silly addNameRange     '0.6.4',
122 silly addNameRange     '0.6.5',
122 silly addNameRange     '0.6.6',
122 silly addNameRange     '0.6.7',
122 silly addNameRange     '0.7.0',
122 silly addNameRange     '0.7.1',
122 silly addNameRange     '0.7.2',
122 silly addNameRange     '0.7.3',
122 silly addNameRange     '0.7.4',
122 silly addNameRange     '0.8.0',
122 silly addNameRange     '0.9.0',
122 silly addNameRange     '0.9.1',
122 silly addNameRange     '0.9.2',
122 silly addNameRange     '0.10.0',
122 silly addNameRange     '0.11.0',
122 silly addNameRange     '0.11.1',
122 silly addNameRange     '0.11.2',
122 silly addNameRange     '0.11.3',
122 silly addNameRange     '0.11.4',
122 silly addNameRange     '0.11.5',
122 silly addNameRange     '0.11.6',
122 silly addNameRange     '0.11.7',
122 silly addNameRange     '0.11.8',
122 silly addNameRange     '0.11.9',
122 silly addNameRange     '0.11.10',
122 silly addNameRange     '0.11.11',
122 silly addNameRange     '0.11.12',
122 silly addNameRange     '0.12.0',
122 silly addNameRange     '0.12.1',
122 silly addNameRange     '0.12.2',
122 silly addNameRange     '0.12.3',
122 silly addNameRange     '0.12.4',
122 silly addNameRange     '0.13.0',
122 silly addNameRange     '0.13.1',
122 silly addNameRange     '0.13.2',
122 silly addNameRange     '0.13.3',
122 silly addNameRange     '0.13.4',
122 silly addNameRange     '0.13.5',
122 silly addNameRange     '0.13.6',
122 silly addNameRange     '0.13.7',
122 silly addNameRange     '0.13.8',
122 silly addNameRange     '0.13.9',
122 silly addNameRange     '0.14.0',
122 silly addNameRange     '0.15.0',
122 silly addNameRange     '0.15.1',
122 silly addNameRange     '0.15.2',
122 silly addNameRange     '0.15.3',
122 silly addNameRange     '0.15.4',
122 silly addNameRange     '0.16.0',
122 silly addNameRange     '0.17.0',
122 silly addNameRange     '0.18.0',
122 silly addNameRange     '0.19.0',
122 silly addNameRange     '0.19.1',
122 silly addNameRange     '0.19.2',
122 silly addNameRange     '0.19.3',
122 silly addNameRange     '0.19.4',
122 silly addNameRange     '0.19.5',
122 silly addNameRange     '0.19.6',
122 silly addNameRange     '0.19.7',
122 silly addNameRange     '0.19.8',
122 silly addNameRange     '0.20.0',
122 silly addNameRange     '0.20.1',
122 silly addNameRange     '0.21.0',
122 silly addNameRange     '0.21.1',
122 silly addNameRange     '0.21.2',
122 silly addNameRange     '0.22.0',
122 silly addNameRange     '0.22.1',
122 silly addNameRange     '0.22.2',
122 silly addNameRange     '0.22.3',
122 silly addNameRange     '0.22.4',
122 silly addNameRange     '0.22.5',
122 silly addNameRange     '0.22.6',
122 silly addNameRange     '0.23.0',
122 silly addNameRange     '0.24.0',
122 silly addNameRange     '0.25.0',
122 silly addNameRange     '0.26.0',
122 silly addNameRange     '0.26.1',
122 silly addNameRange     '0.27.0',
122 silly addNameRange     '0.27.1',
122 silly addNameRange     '0.27.2',
122 silly addNameRange     '0.28.0',
122 silly addNameRange     '0.28.1',
122 silly addNameRange     '0.28.2',
122 silly addNameRange     '0.29.0',
122 silly addNameRange     '0.30.0',
122 silly addNameRange     '0.30.1',
122 silly addNameRange     '0.31.0',
122 silly addNameRange     '0.32.0',
122 silly addNameRange     '0.32.1',
122 silly addNameRange     '0.33.0',
122 silly addNameRange     '0.33.1',
122 silly addNameRange     '0.34.0',
122 silly addNameRange     '0.34.1',
122 silly addNameRange     '0.35.0',
122 silly addNameRange     '0.35.1',
122 silly addNameRange     '0.36.0',
122 silly addNameRange     '0.36.1',
122 silly addNameRange     '0.37.0',
122 silly addNameRange     '0.38.0',
122 silly addNameRange     '0.39.0',
122 silly addNameRange     '0.39.1',
122 silly addNameRange     '0.39.2',
122 silly addNameRange     '0.39.3',
122 silly addNameRange     '0.39.4',
122 silly addNameRange     '0.40.0',
122 silly addNameRange     '0.40.1',
122 silly addNameRange     '0.40.2',
122 silly addNameRange     '0.40.3' ] ]
123 verbose addNamed [ 'stylus', '0.40.3' ]
124 verbose addNamed [ '0.40.3', '0.40.3' ]
125 silly lockFile 8368c57f-stylus-0-40-3 stylus@0.40.3
126 verbose lock stylus@0.40.3 /Users/Ryan/.npm/8368c57f-stylus-0-40-3.lock
127 silly addNameRange number 2 { name: 'socket.io', range: '*', hasData: true }
128 silly addNameRange versions [ 'socket.io',
128 silly addNameRange   [ '0.3.8',
128 silly addNameRange     '0.4.0',
128 silly addNameRange     '0.4.1',
128 silly addNameRange     '0.5.1',
128 silly addNameRange     '0.5.3',
128 silly addNameRange     '0.6.0',
128 silly addNameRange     '0.6.1',
128 silly addNameRange     '0.6.3',
128 silly addNameRange     '0.6.4',
128 silly addNameRange     '0.6.5',
128 silly addNameRange     '0.6.6',
128 silly addNameRange     '0.6.7',
128 silly addNameRange     '0.6.8',
128 silly addNameRange     '0.6.9',
128 silly addNameRange     '0.6.10',
128 silly addNameRange     '0.6.11',
128 silly addNameRange     '0.6.12',
128 silly addNameRange     '0.6.14',
128 silly addNameRange     '0.6.15',
128 silly addNameRange     '0.6.16',
128 silly addNameRange     '0.6.17',
128 silly addNameRange     '0.6.18',
128 silly addNameRange     '0.7.0',
128 silly addNameRange     '0.7.1',
128 silly addNameRange     '0.7.2',
128 silly addNameRange     '0.7.3',
128 silly addNameRange     '0.7.4',
128 silly addNameRange     '0.7.5',
128 silly addNameRange     '0.7.6',
128 silly addNameRange     '0.7.7',
128 silly addNameRange     '0.7.8',
128 silly addNameRange     '0.7.9',
128 silly addNameRange     '0.7.10',
128 silly addNameRange     '0.7.11',
128 silly addNameRange     '0.8.0',
128 silly addNameRange     '0.8.1',
128 silly addNameRange     '0.8.2',
128 silly addNameRange     '0.8.3',
128 silly addNameRange     '0.8.4',
128 silly addNameRange     '0.8.5',
128 silly addNameRange     '0.8.6',
128 silly addNameRange     '0.8.7',
128 silly addNameRange     '0.9.0',
128 silly addNameRange     '0.9.1',
128 silly addNameRange     '0.9.1-1',
128 silly addNameRange     '0.9.2',
128 silly addNameRange     '0.9.3',
128 silly addNameRange     '0.9.4',
128 silly addNameRange     '0.9.5',
128 silly addNameRange     '0.9.6',
128 silly addNameRange     '0.9.7',
128 silly addNameRange     '0.9.8',
128 silly addNameRange     '0.9.9',
128 silly addNameRange     '0.9.10',
128 silly addNameRange     '0.9.11',
128 silly addNameRange     '0.9.12',
128 silly addNameRange     '0.9.13',
128 silly addNameRange     '0.9.14',
128 silly addNameRange     '0.9.15',
128 silly addNameRange     '0.9.16' ] ]
129 verbose addNamed [ 'socket.io', '0.9.16' ]
130 verbose addNamed [ '0.9.16', '0.9.16' ]
131 silly lockFile a7acce22-socket-io-0-9-16 socket.io@0.9.16
132 verbose lock socket.io@0.9.16 /Users/Ryan/.npm/a7acce22-socket-io-0-9-16.lock
133 silly addNameRange number 2 { name: 'mongodb', range: '*', hasData: true }
134 silly addNameRange versions [ 'mongodb',
134 silly addNameRange   [ '0.9.4',
134 silly addNameRange     '0.9.4-4',
134 silly addNameRange     '0.9.3',
134 silly addNameRange     '0.9.1',
134 silly addNameRange     '0.9.2',
134 silly addNameRange     '0.9.6-7',
134 silly addNameRange     '0.9.6-8',
134 silly addNameRange     '0.9.6-9',
134 silly addNameRange     '0.9.6-10',
134 silly addNameRange     '0.9.6-11',
134 silly addNameRange     '0.9.6-12',
134 silly addNameRange     '0.9.6-13',
134 silly addNameRange     '0.9.6-14',
134 silly addNameRange     '0.9.6-15',
134 silly addNameRange     '0.9.6-16',
134 silly addNameRange     '0.9.6-17',
134 silly addNameRange     '0.9.6-18',
134 silly addNameRange     '0.9.6-19',
134 silly addNameRange     '0.9.6-20',
134 silly addNameRange     '0.9.6-21',
134 silly addNameRange     '0.9.6-22',
134 silly addNameRange     '0.9.6-23',
134 silly addNameRange     '0.9.7',
134 silly addNameRange     '0.9.7-0',
134 silly addNameRange     '0.9.7-1',
134 silly addNameRange     '0.9.7-1.1',
134 silly addNameRange     '0.9.7-1.2',
134 silly addNameRange     '0.9.7-1.3',
134 silly addNameRange     '0.9.7-1.4',
134 silly addNameRange     '0.9.7-2',
134 silly addNameRange     '0.9.7-2-1',
134 silly addNameRange     '0.9.7-2-2',
134 silly addNameRange     '0.9.7-2-3',
134 silly addNameRange     '0.9.7-2-4',
134 silly addNameRange     '0.9.7-2-5',
134 silly addNameRange     '0.9.7-3',
134 silly addNameRange     '0.9.7-3-1',
134 silly addNameRange     '0.9.7-3-2',
134 silly addNameRange     '0.9.7-3-3',
134 silly addNameRange     '0.9.7-3-4',
134 silly addNameRange     '0.9.7-3-5',
134 silly addNameRange     '0.9.8',
134 silly addNameRange     '0.9.8-1',
134 silly addNameRange     '0.9.8-2',
134 silly addNameRange     '0.9.8-3',
134 silly addNameRange     '0.9.8-4',
134 silly addNameRange     '0.9.8-5',
134 silly addNameRange     '0.9.8-6',
134 silly addNameRange     '0.9.8-7',
134 silly addNameRange     '0.9.9',
134 silly addNameRange     '0.9.9-1',
134 silly addNameRange     '0.9.9-2',
134 silly addNameRange     '0.9.9-3',
134 silly addNameRange     '0.9.9-4',
134 silly addNameRange     '0.9.9-5',
134 silly addNameRange     '0.9.9-6',
134 silly addNameRange     '0.9.9-7',
134 silly addNameRange     '0.9.9-8',
134 silly addNameRange     '1.0.0',
134 silly addNameRange     '1.0.1',
134 silly addNameRange     '1.0.2',
134 silly addNameRange     '1.1.0-beta',
134 silly addNameRange     '1.1.0',
134 silly addNameRange     '1.1.1',
134 silly addNameRange     '1.1.2',
134 silly addNameRange     '1.1.3',
134 silly addNameRange     '1.1.4',
134 silly addNameRange     '1.1.5',
134 silly addNameRange     '1.1.6',
134 silly addNameRange     '1.1.7',
134 silly addNameRange     '1.1.8',
134 silly addNameRange     '1.1.9',
134 silly addNameRange     '1.1.10',
134 silly addNameRange     '1.1.11',
134 silly addNameRange     '1.2.0',
134 silly addNameRange     '1.2.1',
134 silly addNameRange     '1.2.2',
134 silly addNameRange     '1.2.3',
134 silly addNameRange     '1.2.4',
134 silly addNameRange     '1.2.5',
134 silly addNameRange     '1.2.6',
134 silly addNameRange     '1.2.7',
134 silly addNameRange     '1.2.8',
134 silly addNameRange     '1.2.9',
134 silly addNameRange     '1.2.10',
134 silly addNameRange     '1.2.11',
134 silly addNameRange     '1.2.12',
134 silly addNameRange     '1.2.13',
134 silly addNameRange     '1.2.14',
134 silly addNameRange     '1.3.0',
134 silly addNameRange     '1.3.1',
134 silly addNameRange     '1.3.2',
134 silly addNameRange     '1.3.3',
134 silly addNameRange     '1.3.4',
134 silly addNameRange     '1.3.5',
134 silly addNameRange     '1.3.6',
134 silly addNameRange     '1.3.7',
134 silly addNameRange     '1.3.8',
134 silly addNameRange     '1.3.9',
134 silly addNameRange     '1.3.10',
134 silly addNameRange     '1.3.11',
134 silly addNameRange     '1.3.12',
134 silly addNameRange     '1.3.14',
134 silly addNameRange     '1.3.15',
134 silly addNameRange     '1.3.17',
134 silly addNameRange     '1.3.18',
134 silly addNameRange     '1.3.19' ] ]
135 verbose addNamed [ 'mongodb', '1.3.19' ]
136 verbose addNamed [ '1.3.19', '1.3.19' ]
137 silly lockFile a5935257-mongodb-1-3-19 mongodb@1.3.19
138 verbose lock mongodb@1.3.19 /Users/Ryan/.npm/a5935257-mongodb-1-3-19.lock
139 silly lockFile 51b2ec73-mongoose-3-8-0 mongoose@3.8.0
140 silly lockFile 51b2ec73-mongoose-3-8-0 mongoose@3.8.0
141 silly lockFile e0858070-mongoose mongoose@*
142 silly lockFile e0858070-mongoose mongoose@*
143 silly lockFile a43a70ac-express-3-3-8 express@3.3.8
144 silly lockFile a43a70ac-express-3-3-8 express@3.3.8
145 silly lockFile 8368c57f-stylus-0-40-3 stylus@0.40.3
146 silly lockFile 8368c57f-stylus-0-40-3 stylus@0.40.3
147 silly lockFile a7acce22-socket-io-0-9-16 socket.io@0.9.16
148 silly lockFile a7acce22-socket-io-0-9-16 socket.io@0.9.16
149 silly lockFile a5935257-mongodb-1-3-19 mongodb@1.3.19
150 silly lockFile a5935257-mongodb-1-3-19 mongodb@1.3.19
151 silly lockFile 7849533d-stylus stylus@*
152 silly lockFile 7849533d-stylus stylus@*
153 silly lockFile 141fbf03-socket-io socket.io@*
154 silly lockFile 141fbf03-socket-io socket.io@*
155 silly lockFile 842f93d5-mongodb mongodb@*
156 silly lockFile 842f93d5-mongodb mongodb@*
157 error TypeError: Cannot read property 'from' of undefined
157 error     at /usr/local/lib/node_modules/npm/lib/outdated.js:159:36
157 error     at /usr/local/lib/node_modules/npm/lib/cache.js:591:30
157 error     at /usr/local/lib/node_modules/npm/node_modules/lockfile/lockfile.js:55:41
157 error     at Object.oncomplete (fs.js:107:15)
158 error If you need help, you may report this log at:
158 error     <http://github.com/isaacs/npm/issues>
158 error or email it to:
158 error     <npm-@googlegroups.com>
159 error System Darwin 13.0.0
160 error command "node" "/usr/local/bin/npm" "update"
161 error cwd /Users/Ryan/Code/five-letter-game
162 error node -v v0.10.17
163 error npm -v 1.3.8
164 error type non_object_property_load
165 verbose exit [ 1, true ]
